[07/11/2025, 07:05:19 pm] [SYSTEM] [system] Initializing WebSocket server
[07/11/2025, 07:05:20 pm] [SYSTEM] [system] Starting all blockchain watchers
[07/11/2025, 07:05:20 pm] [SYSTEM] [system] ETH wallet mornitoring...
[07/11/2025, 07:05:20 pm] [SYSTEM] [system] BSC wallet mornitoring...
[07/11/2025, 07:05:20 pm] [SYSTEM] [system] SOL wallet mornitoring...
[07/11/2025, 07:05:20 pm] [SYSTEM] [system] TRX wallet mornitoring...
[07/11/2025, 07:05:20 pm] [SYSTEM] [system] Running Discord Bot
[07/11/2025, 07:05:20 pm] [SYSTEM] [system] Multi-chain Wallet Tracker server started on port 5000 | Data: {"port":"5000"}
[07/11/2025, 07:05:20 pm] [SYSTEM] [system] ==================================================
[07/11/2025, 07:05:20 pm] [SYSTEM] [system] 🚀 MULTI-CHAIN WALLET TRACKER STARTED
[07/11/2025, 07:05:20 pm] [SYSTEM] [system] ==================================================
[07/11/2025, 07:05:25 pm] [SYSTEM] [system] Received SIGINT, shutting down gracefully
[07/11/2025, 07:07:04 pm] [SYSTEM] [system] Initializing WebSocket server
[07/11/2025, 07:07:04 pm] [SYSTEM] [system] Starting all blockchain watchers
[07/11/2025, 07:07:04 pm] [SYSTEM] [system] ETH wallet mornitoring...
[07/11/2025, 07:07:04 pm] [SYSTEM] [system] BSC wallet mornitoring...
[07/11/2025, 07:07:04 pm] [SYSTEM] [system] SOL wallet mornitoring...
[07/11/2025, 07:07:04 pm] [SYSTEM] [system] TRX wallet mornitoring...
[07/11/2025, 07:07:04 pm] [SYSTEM] [system] Running Discord Bot
[07/11/2025, 07:07:04 pm] [SYSTEM] [system] Multi-chain Wallet Tracker server started on port 5000 | Data: {"port":"5000"}
[07/11/2025, 07:07:04 pm] [SYSTEM] [system] ==================================================
[07/11/2025, 07:07:04 pm] [SYSTEM] [system] 🚀 MULTI-CHAIN WALLET TRACKER STARTED
[07/11/2025, 07:07:04 pm] [SYSTEM] [system] ==================================================
[07/11/2025, 07:07:14 pm] [SYSTEM] [system] Received SIGINT, shutting down gracefully
[07/11/2025, 07:25:18 pm] [SYSTEM] [system] Initializing WebSocket server
[07/11/2025, 07:25:18 pm] [SYSTEM] [system] Starting all blockchain watchers
[07/11/2025, 07:25:18 pm] [SYSTEM] [system] ETH wallet mornitoring...
[07/11/2025, 07:25:18 pm] [SYSTEM] [system] BSC wallet mornitoring...
[07/11/2025, 07:25:18 pm] [SYSTEM] [system] SOL wallet mornitoring...
[07/11/2025, 07:25:18 pm] [SYSTEM] [system] TRX wallet mornitoring...
[07/11/2025, 07:25:18 pm] [SYSTEM] [system] Running Discord Bot
[07/11/2025, 07:25:19 pm] [SYSTEM] [system] Multi-chain Wallet Tracker server started on port 5000 | Data: {"port":"5000"}
[07/11/2025, 07:25:19 pm] [SYSTEM] [system] ==================================================
[07/11/2025, 07:25:19 pm] [SYSTEM] [system] 🚀 MULTI-CHAIN WALLET TRACKER STARTED
[07/11/2025, 07:25:19 pm] [SYSTEM] [system] ==================================================
[07/11/2025, 07:25:45 pm] [SYSTEM] [system] Received SIGINT, shutting down gracefully
[07/11/2025, 07:26:32 pm] [SYSTEM] [system] Initializing WebSocket server
[07/11/2025, 07:26:32 pm] [SYSTEM] [system] Starting all blockchain watchers
[07/11/2025, 07:26:32 pm] [SYSTEM] [system] ETH wallet mornitoring...
[07/11/2025, 07:26:32 pm] [SYSTEM] [system] BSC wallet mornitoring...
[07/11/2025, 07:26:32 pm] [SYSTEM] [system] SOL wallet mornitoring...
[07/11/2025, 07:26:32 pm] [SYSTEM] [system] TRX wallet mornitoring...
[07/11/2025, 07:26:32 pm] [SYSTEM] [system] Running Discord Bot
[07/11/2025, 07:26:32 pm] [SYSTEM] [system] Multi-chain Wallet Tracker server started on port 5000 | Data: {"port":"5000"}
[07/11/2025, 07:26:32 pm] [SYSTEM] [system] ==================================================
[07/11/2025, 07:26:32 pm] [SYSTEM] [system] 🚀 MULTI-CHAIN WALLET TRACKER STARTED
[07/11/2025, 07:26:32 pm] [SYSTEM] [system] ==================================================
[07/11/2025, 07:26:55 pm] [SYSTEM] [system] Received SIGINT, shutting down gracefully
[07/11/2025, 07:35:00 pm] [SYSTEM] [system] Initializing WebSocket server
[07/11/2025, 07:35:00 pm] [SYSTEM] [system] Starting all blockchain watchers
[07/11/2025, 07:35:00 pm] [SYSTEM] [system] ETH wallet mornitoring...
[07/11/2025, 07:35:00 pm] [SYSTEM] [system] BSC wallet mornitoring...
[07/11/2025, 07:35:00 pm] [SYSTEM] [system] SOL wallet mornitoring...
[07/11/2025, 07:35:00 pm] [SYSTEM] [system] TRX wallet mornitoring...
[07/11/2025, 07:35:00 pm] [SYSTEM] [system] Running Discord Bot
[07/11/2025, 07:35:00 pm] [SYSTEM] [system] Multi-chain Wallet Tracker server started on port 5000 | Data: {"port":"5000"}
[07/11/2025, 07:35:00 pm] [SYSTEM] [system] ==================================================
[07/11/2025, 07:35:00 pm] [SYSTEM] [system] 🚀 MULTI-CHAIN WALLET TRACKER STARTED
[07/11/2025, 07:35:00 pm] [SYSTEM] [system] ==================================================
[07/11/2025, 07:35:17 pm] [SYSTEM] [system] Received SIGINT, shutting down gracefully
[07/11/2025, 07:35:34 pm] [SYSTEM] [system] Initializing WebSocket server
[07/11/2025, 07:35:34 pm] [SYSTEM] [system] Starting all blockchain watchers
[07/11/2025, 07:35:34 pm] [SYSTEM] [system] ETH wallet mornitoring...
[07/11/2025, 07:35:34 pm] [SYSTEM] [system] BSC wallet mornitoring...
[07/11/2025, 07:35:34 pm] [SYSTEM] [system] SOL wallet mornitoring...
[07/11/2025, 07:35:34 pm] [SYSTEM] [system] TRX wallet mornitoring...
[07/11/2025, 07:35:34 pm] [SYSTEM] [system] Running Discord Bot
[07/11/2025, 07:35:34 pm] [SYSTEM] [system] Multi-chain Wallet Tracker server started on port 5000 | Data: {"port":"5000"}
[07/11/2025, 07:35:34 pm] [SYSTEM] [system] ==================================================
[07/11/2025, 07:35:34 pm] [SYSTEM] [system] 🚀 MULTI-CHAIN WALLET TRACKER STARTED
[07/11/2025, 07:35:34 pm] [SYSTEM] [system] ==================================================
[07/11/2025, 07:35:49 pm] [SYSTEM] [system] Received SIGINT, shutting down gracefully
[07/11/2025, 07:38:01 pm] [SYSTEM] [system] Initializing WebSocket server
[07/11/2025, 07:38:01 pm] [SYSTEM] [system] Starting all blockchain watchers
[07/11/2025, 07:38:01 pm] [SYSTEM] [system] ETH wallet mornitoring...
[07/11/2025, 07:38:01 pm] [SYSTEM] [system] BSC wallet mornitoring...
[07/11/2025, 07:38:01 pm] [SYSTEM] [system] SOL wallet mornitoring...
[07/11/2025, 07:38:01 pm] [SYSTEM] [system] TRX wallet mornitoring...
[07/11/2025, 07:38:01 pm] [SYSTEM] [system] Running Discord Bot
[07/11/2025, 07:38:01 pm] [SYSTEM] [system] Multi-chain Wallet Tracker server started on port 5000 | Data: {"port":"5000"}
[07/11/2025, 07:38:01 pm] [SYSTEM] [system] ==================================================
[07/11/2025, 07:38:01 pm] [SYSTEM] [system] 🚀 MULTI-CHAIN WALLET TRACKER STARTED
[07/11/2025, 07:38:01 pm] [SYSTEM] [system] ==================================================
[07/11/2025, 07:38:32 pm] [SYSTEM] [system] Received SIGINT, shutting down gracefully
[07/11/2025, 08:44:33 pm] [SYSTEM] [system] Initializing WebSocket server
[07/11/2025, 08:44:33 pm] [SYSTEM] [system] Starting all blockchain watchers
[07/11/2025, 08:44:33 pm] [SYSTEM] [system] ETH wallet mornitoring...
[07/11/2025, 08:44:33 pm] [SYSTEM] [system] BSC wallet mornitoring...
[07/11/2025, 08:44:33 pm] [SYSTEM] [system] SOL wallet mornitoring...
[07/11/2025, 08:44:33 pm] [SYSTEM] [system] TRX wallet mornitoring...
[07/11/2025, 08:44:33 pm] [SYSTEM] [system] Running Discord Bot
[07/11/2025, 08:44:33 pm] [SYSTEM] [system] Multi-chain Wallet Tracker server started on port 5000 | Data: {"port":"5000"}
[07/11/2025, 08:44:33 pm] [SYSTEM] [system] ==================================================
[07/11/2025, 08:44:33 pm] [SYSTEM] [system] 🚀 MULTI-CHAIN WALLET TRACKER STARTED
[07/11/2025, 08:44:33 pm] [SYSTEM] [system] ==================================================
[07/11/2025, 09:31:23 pm] [SYSTEM] [system] Received SIGINT, shutting down gracefully
[07/11/2025, 09:31:28 pm] [SYSTEM] [system] Initializing WebSocket server
[07/11/2025, 09:31:28 pm] [SYSTEM] [system] Starting all blockchain watchers
[07/11/2025, 09:31:28 pm] [SYSTEM] [system] ETH wallet mornitoring...
[07/11/2025, 09:31:28 pm] [SYSTEM] [system] BSC wallet mornitoring...
[07/11/2025, 09:31:28 pm] [SYSTEM] [system] SOL wallet mornitoring...
[07/11/2025, 09:31:28 pm] [SYSTEM] [system] TRX wallet mornitoring...
[07/11/2025, 09:31:28 pm] [SYSTEM] [system] Running Discord Bot
[07/11/2025, 09:31:28 pm] [SYSTEM] [system] Multi-chain Wallet Tracker server started on port 5000 | Data: {"port":"5000"}
[07/11/2025, 09:31:28 pm] [SYSTEM] [system] ==================================================
[07/11/2025, 09:31:28 pm] [SYSTEM] [system] 🚀 MULTI-CHAIN WALLET TRACKER STARTED
[07/11/2025, 09:31:28 pm] [SYSTEM] [system] ==================================================
[07/11/2025, 09:32:53 pm] [SYSTEM] [system] Received SIGINT, shutting down gracefully
[07/11/2025, 09:36:34 pm] [SYSTEM] [system] Initializing WebSocket server
[07/11/2025, 09:36:34 pm] [SYSTEM] [system] Starting all blockchain watchers
[07/11/2025, 09:36:34 pm] [SYSTEM] [system] ETH wallet mornitoring...
[07/11/2025, 09:36:34 pm] [SYSTEM] [system] BSC wallet mornitoring...
[07/11/2025, 09:36:34 pm] [SYSTEM] [system] SOL wallet mornitoring...
[07/11/2025, 09:36:34 pm] [SYSTEM] [system] TRX wallet mornitoring...
[07/11/2025, 09:36:34 pm] [SYSTEM] [system] Running Discord Bot
[07/11/2025, 09:36:34 pm] [SYSTEM] [system] Multi-chain Wallet Tracker server started on port 5000 | Data: {"port":"5000"}
[07/11/2025, 09:36:34 pm] [SYSTEM] [system] ==================================================
[07/11/2025, 09:36:34 pm] [SYSTEM] [system] 🚀 MULTI-CHAIN WALLET TRACKER STARTED
[07/11/2025, 09:36:34 pm] [SYSTEM] [system] ==================================================
[07/11/2025, 09:38:47 pm] [SYSTEM] [system] Initializing WebSocket server
[07/11/2025, 09:38:47 pm] [SYSTEM] [system] Starting all blockchain watchers
[07/11/2025, 09:38:47 pm] [SYSTEM] [system] ETH wallet mornitoring...
[07/11/2025, 09:38:47 pm] [SYSTEM] [system] BSC wallet mornitoring...
[07/11/2025, 09:38:47 pm] [SYSTEM] [system] SOL wallet mornitoring...
[07/11/2025, 09:38:47 pm] [SYSTEM] [system] TRX wallet mornitoring...
[07/11/2025, 09:38:47 pm] [SYSTEM] [system] Running Discord Bot
[07/11/2025, 09:38:47 pm] [SYSTEM] [system] Multi-chain Wallet Tracker server started on port 5000 | Data: {"port":"5000"}
[07/11/2025, 09:38:47 pm] [SYSTEM] [system] ==================================================
[07/11/2025, 09:38:47 pm] [SYSTEM] [system] 🚀 MULTI-CHAIN WALLET TRACKER STARTED
[07/11/2025, 09:38:47 pm] [SYSTEM] [system] ==================================================
[07/11/2025, 09:40:20 pm] [SYSTEM] [system] Initializing WebSocket server
[07/11/2025, 09:40:20 pm] [SYSTEM] [system] Starting all blockchain watchers
[07/11/2025, 09:40:20 pm] [SYSTEM] [system] ETH wallet mornitoring...
[07/11/2025, 09:40:20 pm] [SYSTEM] [system] BSC wallet mornitoring...
[07/11/2025, 09:40:20 pm] [SYSTEM] [system] SOL wallet mornitoring...
[07/11/2025, 09:40:20 pm] [SYSTEM] [system] TRX wallet mornitoring...
[07/11/2025, 09:40:20 pm] [SYSTEM] [system] Running Discord Bot
[07/11/2025, 09:40:20 pm] [SYSTEM] [system] Multi-chain Wallet Tracker server started on port 5000 | Data: {"port":"5000"}
[07/11/2025, 09:40:20 pm] [SYSTEM] [system] ==================================================
[07/11/2025, 09:40:20 pm] [SYSTEM] [system] 🚀 MULTI-CHAIN WALLET TRACKER STARTED
[07/11/2025, 09:40:20 pm] [SYSTEM] [system] ==================================================
[07/11/2025, 09:40:25 pm] [SYSTEM] [system] Initializing WebSocket server
[07/11/2025, 09:40:25 pm] [SYSTEM] [system] Starting all blockchain watchers
[07/11/2025, 09:40:25 pm] [SYSTEM] [system] ETH wallet mornitoring...
[07/11/2025, 09:40:25 pm] [SYSTEM] [system] BSC wallet mornitoring...
[07/11/2025, 09:40:25 pm] [SYSTEM] [system] SOL wallet mornitoring...
[07/11/2025, 09:40:25 pm] [SYSTEM] [system] TRX wallet mornitoring...
[07/11/2025, 09:40:25 pm] [SYSTEM] [system] Running Discord Bot
[07/11/2025, 09:40:25 pm] [SYSTEM] [system] Multi-chain Wallet Tracker server started on port 5000 | Data: {"port":"5000"}
[07/11/2025, 09:40:25 pm] [SYSTEM] [system] ==================================================
[07/11/2025, 09:40:25 pm] [SYSTEM] [system] 🚀 MULTI-CHAIN WALLET TRACKER STARTED
[07/11/2025, 09:40:25 pm] [SYSTEM] [system] ==================================================
[07/11/2025, 09:40:27 pm] [SYSTEM] [system] Initializing WebSocket server
[07/11/2025, 09:40:27 pm] [SYSTEM] [system] Starting all blockchain watchers
[07/11/2025, 09:40:27 pm] [SYSTEM] [system] ETH wallet mornitoring...
[07/11/2025, 09:40:27 pm] [SYSTEM] [system] BSC wallet mornitoring...
[07/11/2025, 09:40:27 pm] [SYSTEM] [system] SOL wallet mornitoring...
[07/11/2025, 09:40:27 pm] [SYSTEM] [system] TRX wallet mornitoring...
[07/11/2025, 09:40:27 pm] [SYSTEM] [system] Running Discord Bot
[07/11/2025, 09:40:27 pm] [SYSTEM] [system] Multi-chain Wallet Tracker server started on port 5000 | Data: {"port":"5000"}
[07/11/2025, 09:40:27 pm] [SYSTEM] [system] ==================================================
[07/11/2025, 09:40:27 pm] [SYSTEM] [system] 🚀 MULTI-CHAIN WALLET TRACKER STARTED
[07/11/2025, 09:40:27 pm] [SYSTEM] [system] ==================================================
[07/11/2025, 09:40:29 pm] [SYSTEM] [system] Initializing WebSocket server
[07/11/2025, 09:40:29 pm] [SYSTEM] [system] Starting all blockchain watchers
[07/11/2025, 09:40:29 pm] [SYSTEM] [system] ETH wallet mornitoring...
[07/11/2025, 09:40:29 pm] [SYSTEM] [system] BSC wallet mornitoring...
[07/11/2025, 09:40:29 pm] [SYSTEM] [system] SOL wallet mornitoring...
[07/11/2025, 09:40:29 pm] [SYSTEM] [system] TRX wallet mornitoring...
[07/11/2025, 09:40:29 pm] [SYSTEM] [system] Running Discord Bot
[07/11/2025, 09:40:30 pm] [SYSTEM] [system] Multi-chain Wallet Tracker server started on port 5000 | Data: {"port":"5000"}
[07/11/2025, 09:40:30 pm] [SYSTEM] [system] ==================================================
[07/11/2025, 09:40:30 pm] [SYSTEM] [system] 🚀 MULTI-CHAIN WALLET TRACKER STARTED
[07/11/2025, 09:40:30 pm] [SYSTEM] [system] ==================================================
[07/11/2025, 09:40:34 pm] [SYSTEM] [system] Initializing WebSocket server
[07/11/2025, 09:40:34 pm] [SYSTEM] [system] Starting all blockchain watchers
[07/11/2025, 09:40:34 pm] [SYSTEM] [system] ETH wallet mornitoring...
[07/11/2025, 09:40:34 pm] [SYSTEM] [system] BSC wallet mornitoring...
[07/11/2025, 09:40:34 pm] [SYSTEM] [system] SOL wallet mornitoring...
[07/11/2025, 09:40:34 pm] [SYSTEM] [system] TRX wallet mornitoring...
[07/11/2025, 09:40:34 pm] [SYSTEM] [system] Running Discord Bot
[07/11/2025, 09:40:34 pm] [SYSTEM] [system] Multi-chain Wallet Tracker server started on port 5000 | Data: {"port":"5000"}
[07/11/2025, 09:40:34 pm] [SYSTEM] [system] ==================================================
[07/11/2025, 09:40:34 pm] [SYSTEM] [system] 🚀 MULTI-CHAIN WALLET TRACKER STARTED
[07/11/2025, 09:40:34 pm] [SYSTEM] [system] ==================================================
[07/11/2025, 09:40:35 pm] [SYSTEM] [system] Initializing WebSocket server
[07/11/2025, 09:40:35 pm] [SYSTEM] [system] Starting all blockchain watchers
[07/11/2025, 09:40:35 pm] [SYSTEM] [system] ETH wallet mornitoring...
[07/11/2025, 09:40:35 pm] [SYSTEM] [system] BSC wallet mornitoring...
[07/11/2025, 09:40:35 pm] [SYSTEM] [system] SOL wallet mornitoring...
[07/11/2025, 09:40:35 pm] [SYSTEM] [system] TRX wallet mornitoring...
[07/11/2025, 09:40:35 pm] [SYSTEM] [system] Running Discord Bot
[07/11/2025, 09:40:35 pm] [SYSTEM] [system] Multi-chain Wallet Tracker server started on port 5000 | Data: {"port":"5000"}
[07/11/2025, 09:40:35 pm] [SYSTEM] [system] ==================================================
[07/11/2025, 09:40:35 pm] [SYSTEM] [system] 🚀 MULTI-CHAIN WALLET TRACKER STARTED
[07/11/2025, 09:40:35 pm] [SYSTEM] [system] ==================================================
[07/11/2025, 09:40:42 pm] [SYSTEM] [system] Initializing WebSocket server
[07/11/2025, 09:40:42 pm] [SYSTEM] [system] Starting all blockchain watchers
[07/11/2025, 09:40:42 pm] [SYSTEM] [system] ETH wallet mornitoring...
[07/11/2025, 09:40:42 pm] [SYSTEM] [system] BSC wallet mornitoring...
[07/11/2025, 09:40:42 pm] [SYSTEM] [system] SOL wallet mornitoring...
[07/11/2025, 09:40:42 pm] [SYSTEM] [system] TRX wallet mornitoring...
[07/11/2025, 09:40:42 pm] [SYSTEM] [system] Running Discord Bot
[07/11/2025, 09:40:42 pm] [SYSTEM] [system] Multi-chain Wallet Tracker server started on port 5000 | Data: {"port":"5000"}
[07/11/2025, 09:40:42 pm] [SYSTEM] [system] ==================================================
[07/11/2025, 09:40:42 pm] [SYSTEM] [system] 🚀 MULTI-CHAIN WALLET TRACKER STARTED
[07/11/2025, 09:40:42 pm] [SYSTEM] [system] ==================================================
[07/11/2025, 09:45:12 pm] [SYSTEM] [system] Received SIGINT, shutting down gracefully
[07/11/2025, 09:45:16 pm] [SYSTEM] [system] Initializing WebSocket server
[07/11/2025, 09:45:16 pm] [SYSTEM] [system] Starting all blockchain watchers
[07/11/2025, 09:45:16 pm] [SYSTEM] [system] ETH wallet mornitoring...
[07/11/2025, 09:45:16 pm] [SYSTEM] [system] BSC wallet mornitoring...
[07/11/2025, 09:45:16 pm] [SYSTEM] [system] SOL wallet mornitoring...
[07/11/2025, 09:45:16 pm] [SYSTEM] [system] TRX wallet mornitoring...
[07/11/2025, 09:45:16 pm] [SYSTEM] [system] Running Discord Bot
[07/11/2025, 09:45:16 pm] [SYSTEM] [system] Multi-chain Wallet Tracker server started on port 5000 | Data: {"port":"5000"}
[07/11/2025, 09:45:16 pm] [SYSTEM] [system] ==================================================
[07/11/2025, 09:45:16 pm] [SYSTEM] [system] 🚀 MULTI-CHAIN WALLET TRACKER STARTED
[07/11/2025, 09:45:16 pm] [SYSTEM] [system] ==================================================
[07/11/2025, 09:51:32 pm] [SYSTEM] [system] Received SIGINT, shutting down gracefully
[07/11/2025, 09:59:52 pm] [SYSTEM] [system] Initializing WebSocket server
[07/11/2025, 09:59:52 pm] [SYSTEM] [system] Starting all blockchain watchers
[07/11/2025, 09:59:52 pm] [SYSTEM] [system] ETH wallet mornitoring...
[07/11/2025, 09:59:52 pm] [SYSTEM] [system] BSC wallet mornitoring...
[07/11/2025, 09:59:52 pm] [SYSTEM] [system] SOL wallet mornitoring...
[07/11/2025, 09:59:52 pm] [SYSTEM] [system] TRX wallet mornitoring...
[07/11/2025, 09:59:52 pm] [SYSTEM] [system] Running Discord Bot
[07/11/2025, 09:59:52 pm] [SYSTEM] [system] Multi-chain Wallet Tracker server started on port 5000 | Data: {"port":"5000"}
[07/11/2025, 09:59:52 pm] [SYSTEM] [system] ==================================================
[07/11/2025, 09:59:52 pm] [SYSTEM] [system] 🚀 MULTI-CHAIN WALLET TRACKER STARTED
[07/11/2025, 09:59:52 pm] [SYSTEM] [system] ==================================================
[07/11/2025, 10:05:03 pm] [SYSTEM] [system] Received SIGINT, shutting down gracefully
[08/11/2025, 04:14:00 am] [SYSTEM] [system] Initializing WebSocket server
[08/11/2025, 04:14:00 am] [SYSTEM] [system] Starting all blockchain watchers
[08/11/2025, 04:14:00 am] [SYSTEM] [system] ETH wallet mornitoring...
[08/11/2025, 04:14:00 am] [SYSTEM] [system] BSC wallet mornitoring...
[08/11/2025, 04:14:00 am] [SYSTEM] [system] SOL wallet mornitoring...
[08/11/2025, 04:14:00 am] [SYSTEM] [system] TRX wallet mornitoring...
[08/11/2025, 04:14:00 am] [SYSTEM] [system] Running Discord Bot
[08/11/2025, 04:14:00 am] [SYSTEM] [system] Multi-chain Wallet Tracker server started on port 5000 | Data: {"port":"5000"}
[08/11/2025, 04:14:00 am] [SYSTEM] [system] ==================================================
[08/11/2025, 04:14:00 am] [SYSTEM] [system] 🚀 MULTI-CHAIN WALLET TRACKER STARTED
[08/11/2025, 04:14:00 am] [SYSTEM] [system] ==================================================
[08/11/2025, 04:21:16 am] [SYSTEM] [system] Received SIGINT, shutting down gracefully
