[10/11/2025, 02:13:26 am] [SYSTEM] [system] Initializing WebSocket server
[10/11/2025, 02:13:26 am] [SYSTEM] [system] Starting all blockchain watchers
[10/11/2025, 02:13:26 am] [SYSTEM] [system] ETH wallet mornitoring...
[10/11/2025, 02:13:26 am] [SYSTEM] [system] BSC wallet mornitoring...
[10/11/2025, 02:13:26 am] [SYSTEM] [system] SOL wallet mornitoring...
[10/11/2025, 02:13:26 am] [SYSTEM] [system] TRX wallet mornitoring...
[10/11/2025, 02:13:26 am] [SYSTEM] [system] Running Discord Bot
[10/11/2025, 02:13:27 am] [SYSTEM] [system] Multi-chain Wallet Tracker server started on port 5000 | Data: {"port":"5000"}
[10/11/2025, 02:13:27 am] [SYSTEM] [system] ==================================================
[10/11/2025, 02:13:27 am] [SYSTEM] [system] 🚀 MULTI-CHAIN WALLET TRACKER STARTED
[10/11/2025, 02:13:27 am] [SYSTEM] [system] ==================================================
[10/11/2025, 02:14:13 am] [SYSTEM] [system] Received SIGINT, shutting down gracefully
[10/11/2025, 02:14:35 am] [SYSTEM] [system] Initializing WebSocket server
[10/11/2025, 02:14:35 am] [SYSTEM] [system] Starting all blockchain watchers
[10/11/2025, 02:14:35 am] [SYSTEM] [system] ETH wallet mornitoring...
[10/11/2025, 02:14:35 am] [SYSTEM] [system] BSC wallet mornitoring...
[10/11/2025, 02:14:35 am] [SYSTEM] [system] SOL wallet mornitoring...
[10/11/2025, 02:14:35 am] [SYSTEM] [system] TRX wallet mornitoring...
[10/11/2025, 02:14:35 am] [SYSTEM] [system] Running Discord Bot
[10/11/2025, 02:14:35 am] [SYSTEM] [system] Multi-chain Wallet Tracker server started on port 5000 | Data: {"port":"5000"}
[10/11/2025, 02:14:35 am] [SYSTEM] [system] ==================================================
[10/11/2025, 02:14:35 am] [SYSTEM] [system] 🚀 MULTI-CHAIN WALLET TRACKER STARTED
[10/11/2025, 02:14:35 am] [SYSTEM] [system] ==================================================
[10/11/2025, 02:15:15 am] [SYSTEM] [system] Received SIGINT, shutting down gracefully
[10/11/2025, 02:15:40 am] [SYSTEM] [system] Initializing WebSocket server
[10/11/2025, 02:15:40 am] [SYSTEM] [system] Starting all blockchain watchers
[10/11/2025, 02:15:40 am] [SYSTEM] [system] ETH wallet mornitoring...
[10/11/2025, 02:15:40 am] [SYSTEM] [system] BSC wallet mornitoring...
[10/11/2025, 02:15:40 am] [SYSTEM] [system] SOL wallet mornitoring...
[10/11/2025, 02:15:40 am] [SYSTEM] [system] TRX wallet mornitoring...
[10/11/2025, 02:15:40 am] [SYSTEM] [system] Running Discord Bot
[10/11/2025, 02:15:40 am] [SYSTEM] [system] Multi-chain Wallet Tracker server started on port 5000 | Data: {"port":"5000"}
[10/11/2025, 02:15:40 am] [SYSTEM] [system] ==================================================
[10/11/2025, 02:15:40 am] [SYSTEM] [system] 🚀 MULTI-CHAIN WALLET TRACKER STARTED
[10/11/2025, 02:15:40 am] [SYSTEM] [system] ==================================================
[10/11/2025, 02:16:18 am] [SYSTEM] [system] Initializing WebSocket server
[10/11/2025, 02:16:18 am] [SYSTEM] [system] Starting all blockchain watchers
[10/11/2025, 02:16:18 am] [SYSTEM] [system] ETH wallet mornitoring...
[10/11/2025, 02:16:18 am] [SYSTEM] [system] BSC wallet mornitoring...
[10/11/2025, 02:16:18 am] [SYSTEM] [system] SOL wallet mornitoring...
[10/11/2025, 02:16:18 am] [SYSTEM] [system] TRX wallet mornitoring...
[10/11/2025, 02:16:18 am] [SYSTEM] [system] Running Discord Bot
[10/11/2025, 02:16:18 am] [SYSTEM] [system] Multi-chain Wallet Tracker server started on port 5000 | Data: {"port":"5000"}
[10/11/2025, 02:16:18 am] [SYSTEM] [system] ==================================================
[10/11/2025, 02:16:18 am] [SYSTEM] [system] 🚀 MULTI-CHAIN WALLET TRACKER STARTED
[10/11/2025, 02:16:18 am] [SYSTEM] [system] ==================================================
[10/11/2025, 02:16:40 am] [SYSTEM] [system] Received SIGINT, shutting down gracefully
[10/11/2025, 02:22:03 am] [SYSTEM] [system] Initializing WebSocket server
[10/11/2025, 02:22:03 am] [SYSTEM] [system] Starting all blockchain watchers
[10/11/2025, 02:22:03 am] [SYSTEM] [system] ETH wallet mornitoring...
[10/11/2025, 02:22:03 am] [SYSTEM] [system] BSC wallet mornitoring...
[10/11/2025, 02:22:03 am] [SYSTEM] [system] SOL wallet mornitoring...
[10/11/2025, 02:22:03 am] [SYSTEM] [system] TRX wallet mornitoring...
[10/11/2025, 02:22:03 am] [SYSTEM] [system] Running Discord Bot
[10/11/2025, 02:22:04 am] [SYSTEM] [system] Multi-chain Wallet Tracker server started on port 5000 | Data: {"port":"5000"}
[10/11/2025, 02:22:04 am] [SYSTEM] [system] ==================================================
[10/11/2025, 02:22:04 am] [SYSTEM] [system] 🚀 MULTI-CHAIN WALLET TRACKER STARTED
[10/11/2025, 02:22:04 am] [SYSTEM] [system] ==================================================
[10/11/2025, 02:22:12 am] [SYSTEM] [system] Received SIGINT, shutting down gracefully
[10/11/2025, 02:22:44 am] [SYSTEM] [system] Initializing WebSocket server
[10/11/2025, 02:22:44 am] [SYSTEM] [system] Starting all blockchain watchers
[10/11/2025, 02:22:44 am] [SYSTEM] [system] ETH wallet mornitoring...
[10/11/2025, 02:22:44 am] [SYSTEM] [system] BSC wallet mornitoring...
[10/11/2025, 02:22:44 am] [SYSTEM] [system] SOL wallet mornitoring...
[10/11/2025, 02:22:44 am] [SYSTEM] [system] TRX wallet mornitoring...
[10/11/2025, 02:22:44 am] [SYSTEM] [system] Running Discord Bot
[10/11/2025, 02:22:44 am] [SYSTEM] [system] Multi-chain Wallet Tracker server started on port 5000 | Data: {"port":"5000"}
[10/11/2025, 02:22:44 am] [SYSTEM] [system] ==================================================
[10/11/2025, 02:22:44 am] [SYSTEM] [system] 🚀 MULTI-CHAIN WALLET TRACKER STARTED
[10/11/2025, 02:22:44 am] [SYSTEM] [system] ==================================================
[10/11/2025, 02:23:12 am] [SYSTEM] [system] Received SIGINT, shutting down gracefully
[10/11/2025, 02:24:02 am] [SYSTEM] [system] Initializing WebSocket server
[10/11/2025, 02:24:02 am] [SYSTEM] [system] Starting all blockchain watchers
[10/11/2025, 02:24:02 am] [SYSTEM] [system] ETH wallet mornitoring...
[10/11/2025, 02:24:02 am] [SYSTEM] [system] BSC wallet mornitoring...
[10/11/2025, 02:24:02 am] [SYSTEM] [system] SOL wallet mornitoring...
[10/11/2025, 02:24:02 am] [SYSTEM] [system] TRX wallet mornitoring...
[10/11/2025, 02:24:02 am] [SYSTEM] [system] Running Discord Bot
[10/11/2025, 02:24:02 am] [SYSTEM] [system] Multi-chain Wallet Tracker server started on port 5000 | Data: {"port":"5000"}
[10/11/2025, 02:24:02 am] [SYSTEM] [system] ==================================================
[10/11/2025, 02:24:02 am] [SYSTEM] [system] 🚀 MULTI-CHAIN WALLET TRACKER STARTED
[10/11/2025, 02:24:02 am] [SYSTEM] [system] ==================================================
[10/11/2025, 02:24:14 am] [SYSTEM] [system] Received SIGINT, shutting down gracefully
[10/11/2025, 02:30:39 am] [SYSTEM] [system] Initializing WebSocket server
[10/11/2025, 02:30:39 am] [SYSTEM] [system] Starting all blockchain watchers
[10/11/2025, 02:30:39 am] [SYSTEM] [system] ETH wallet mornitoring...
[10/11/2025, 02:30:39 am] [SYSTEM] [system] BSC wallet mornitoring...
[10/11/2025, 02:30:39 am] [SYSTEM] [system] SOL wallet mornitoring...
[10/11/2025, 02:30:39 am] [SYSTEM] [system] TRX wallet mornitoring...
[10/11/2025, 02:30:39 am] [SYSTEM] [system] Running Discord Bot
[10/11/2025, 02:30:39 am] [SYSTEM] [system] Multi-chain Wallet Tracker server started on port 5000 | Data: {"port":"5000"}
[10/11/2025, 02:30:39 am] [SYSTEM] [system] ==================================================
[10/11/2025, 02:30:39 am] [SYSTEM] [system] 🚀 MULTI-CHAIN WALLET TRACKER STARTED
[10/11/2025, 02:30:39 am] [SYSTEM] [system] ==================================================
[10/11/2025, 02:31:17 am] [SYSTEM] [system] Initializing WebSocket server
[10/11/2025, 02:31:17 am] [SYSTEM] [system] Starting all blockchain watchers
[10/11/2025, 02:31:17 am] [SYSTEM] [system] ETH wallet mornitoring...
[10/11/2025, 02:31:17 am] [SYSTEM] [system] BSC wallet mornitoring...
[10/11/2025, 02:31:17 am] [SYSTEM] [system] SOL wallet mornitoring...
[10/11/2025, 02:31:17 am] [SYSTEM] [system] TRX wallet mornitoring...
[10/11/2025, 02:31:17 am] [SYSTEM] [system] Running Discord Bot
[10/11/2025, 02:31:17 am] [SYSTEM] [system] Multi-chain Wallet Tracker server started on port 5000 | Data: {"port":"5000"}
[10/11/2025, 02:31:17 am] [SYSTEM] [system] ==================================================
[10/11/2025, 02:31:17 am] [SYSTEM] [system] 🚀 MULTI-CHAIN WALLET TRACKER STARTED
[10/11/2025, 02:31:17 am] [SYSTEM] [system] ==================================================
[10/11/2025, 02:31:21 am] [SYSTEM] [system] Initializing WebSocket server
[10/11/2025, 02:31:21 am] [SYSTEM] [system] Starting all blockchain watchers
[10/11/2025, 02:31:21 am] [SYSTEM] [system] ETH wallet mornitoring...
[10/11/2025, 02:31:21 am] [SYSTEM] [system] BSC wallet mornitoring...
[10/11/2025, 02:31:21 am] [SYSTEM] [system] SOL wallet mornitoring...
[10/11/2025, 02:31:21 am] [SYSTEM] [system] TRX wallet mornitoring...
[10/11/2025, 02:31:21 am] [SYSTEM] [system] Running Discord Bot
[10/11/2025, 02:31:21 am] [SYSTEM] [system] Multi-chain Wallet Tracker server started on port 5000 | Data: {"port":"5000"}
[10/11/2025, 02:31:21 am] [SYSTEM] [system] ==================================================
[10/11/2025, 02:31:21 am] [SYSTEM] [system] 🚀 MULTI-CHAIN WALLET TRACKER STARTED
[10/11/2025, 02:31:21 am] [SYSTEM] [system] ==================================================
[10/11/2025, 02:33:16 am] [SYSTEM] [system] Received SIGINT, shutting down gracefully
[10/11/2025, 02:40:35 am] [SYSTEM] [system] Initializing WebSocket server
[10/11/2025, 02:40:35 am] [SYSTEM] [system] Starting all blockchain watchers
[10/11/2025, 02:40:35 am] [SYSTEM] [system] ETH wallet mornitoring...
[10/11/2025, 02:40:35 am] [SYSTEM] [system] BSC wallet mornitoring...
[10/11/2025, 02:40:35 am] [SYSTEM] [system] SOL wallet mornitoring...
[10/11/2025, 02:40:35 am] [SYSTEM] [system] TRX wallet mornitoring...
[10/11/2025, 02:40:35 am] [SYSTEM] [system] Running Discord Bot
[10/11/2025, 02:40:35 am] [SYSTEM] [system] Multi-chain Wallet Tracker server started on port 5000 | Data: {"port":"5000"}
[10/11/2025, 02:40:35 am] [SYSTEM] [system] ==================================================
[10/11/2025, 02:40:35 am] [SYSTEM] [system] 🚀 MULTI-CHAIN WALLET TRACKER STARTED
[10/11/2025, 02:40:35 am] [SYSTEM] [system] ==================================================
[10/11/2025, 02:41:57 am] [SYSTEM] [system] Initializing WebSocket server
[10/11/2025, 02:41:57 am] [SYSTEM] [system] Starting all blockchain watchers
[10/11/2025, 02:41:57 am] [SYSTEM] [system] ETH wallet mornitoring...
[10/11/2025, 02:41:57 am] [SYSTEM] [system] BSC wallet mornitoring...
[10/11/2025, 02:41:57 am] [SYSTEM] [system] SOL wallet mornitoring...
[10/11/2025, 02:41:57 am] [SYSTEM] [system] TRX wallet mornitoring...
[10/11/2025, 02:41:57 am] [SYSTEM] [system] Running Discord Bot
[10/11/2025, 02:41:58 am] [SYSTEM] [system] Multi-chain Wallet Tracker server started on port 5000 | Data: {"port":"5000"}
[10/11/2025, 02:41:58 am] [SYSTEM] [system] ==================================================
[10/11/2025, 02:41:58 am] [SYSTEM] [system] 🚀 MULTI-CHAIN WALLET TRACKER STARTED
[10/11/2025, 02:41:58 am] [SYSTEM] [system] ==================================================
[10/11/2025, 02:42:36 am] [SYSTEM] [system] Initializing WebSocket server
[10/11/2025, 02:42:37 am] [SYSTEM] [system] Starting all blockchain watchers
[10/11/2025, 02:42:37 am] [SYSTEM] [system] ETH wallet mornitoring...
[10/11/2025, 02:42:37 am] [SYSTEM] [system] BSC wallet mornitoring...
[10/11/2025, 02:42:37 am] [SYSTEM] [system] SOL wallet mornitoring...
[10/11/2025, 02:42:37 am] [SYSTEM] [system] TRX wallet mornitoring...
[10/11/2025, 02:42:37 am] [SYSTEM] [system] Running Discord Bot
[10/11/2025, 02:42:37 am] [SYSTEM] [system] Multi-chain Wallet Tracker server started on port 5000 | Data: {"port":"5000"}
[10/11/2025, 02:42:37 am] [SYSTEM] [system] ==================================================
[10/11/2025, 02:42:37 am] [SYSTEM] [system] 🚀 MULTI-CHAIN WALLET TRACKER STARTED
[10/11/2025, 02:42:37 am] [SYSTEM] [system] ==================================================
[10/11/2025, 02:42:51 am] [SYSTEM] [system] Received SIGINT, shutting down gracefully
[10/11/2025, 02:43:39 am] [SYSTEM] [system] Initializing WebSocket server
[10/11/2025, 02:43:39 am] [SYSTEM] [system] Starting all blockchain watchers
[10/11/2025, 02:43:39 am] [SYSTEM] [system] ETH wallet mornitoring...
[10/11/2025, 02:43:39 am] [SYSTEM] [system] BSC wallet mornitoring...
[10/11/2025, 02:43:39 am] [SYSTEM] [system] SOL wallet mornitoring...
[10/11/2025, 02:43:39 am] [SYSTEM] [system] TRX wallet mornitoring...
[10/11/2025, 02:43:39 am] [SYSTEM] [system] Running Discord Bot
[10/11/2025, 02:43:39 am] [SYSTEM] [system] Multi-chain Wallet Tracker server started on port 5000 | Data: {"port":"5000"}
[10/11/2025, 02:43:39 am] [SYSTEM] [system] ==================================================
[10/11/2025, 02:43:39 am] [SYSTEM] [system] 🚀 MULTI-CHAIN WALLET TRACKER STARTED
[10/11/2025, 02:43:39 am] [SYSTEM] [system] ==================================================
[10/11/2025, 02:45:30 am] [SYSTEM] [system] Initializing WebSocket server
[10/11/2025, 02:45:30 am] [SYSTEM] [system] Starting all blockchain watchers
[10/11/2025, 02:45:30 am] [SYSTEM] [system] ETH wallet mornitoring...
[10/11/2025, 02:45:30 am] [SYSTEM] [system] BSC wallet mornitoring...
[10/11/2025, 02:45:30 am] [SYSTEM] [system] SOL wallet mornitoring...
[10/11/2025, 02:45:30 am] [SYSTEM] [system] TRX wallet mornitoring...
[10/11/2025, 02:45:30 am] [SYSTEM] [system] Running Discord Bot
[10/11/2025, 02:45:30 am] [SYSTEM] [system] Multi-chain Wallet Tracker server started on port 5000 | Data: {"port":"5000"}
[10/11/2025, 02:45:30 am] [SYSTEM] [system] ==================================================
[10/11/2025, 02:45:30 am] [SYSTEM] [system] 🚀 MULTI-CHAIN WALLET TRACKER STARTED
[10/11/2025, 02:45:30 am] [SYSTEM] [system] ==================================================
[10/11/2025, 02:45:31 am] [SYSTEM] [system] Initializing WebSocket server
[10/11/2025, 02:45:31 am] [SYSTEM] [system] Starting all blockchain watchers
[10/11/2025, 02:45:31 am] [SYSTEM] [system] ETH wallet mornitoring...
[10/11/2025, 02:45:31 am] [SYSTEM] [system] BSC wallet mornitoring...
[10/11/2025, 02:45:31 am] [SYSTEM] [system] SOL wallet mornitoring...
[10/11/2025, 02:45:31 am] [SYSTEM] [system] TRX wallet mornitoring...
[10/11/2025, 02:45:31 am] [SYSTEM] [system] Running Discord Bot
[10/11/2025, 02:45:31 am] [SYSTEM] [system] Multi-chain Wallet Tracker server started on port 5000 | Data: {"port":"5000"}
[10/11/2025, 02:45:31 am] [SYSTEM] [system] ==================================================
[10/11/2025, 02:45:31 am] [SYSTEM] [system] 🚀 MULTI-CHAIN WALLET TRACKER STARTED
[10/11/2025, 02:45:31 am] [SYSTEM] [system] ==================================================
[10/11/2025, 02:45:34 am] [SYSTEM] [system] Initializing WebSocket server
[10/11/2025, 02:45:34 am] [SYSTEM] [system] Starting all blockchain watchers
[10/11/2025, 02:45:34 am] [SYSTEM] [system] ETH wallet mornitoring...
[10/11/2025, 02:45:34 am] [SYSTEM] [system] BSC wallet mornitoring...
[10/11/2025, 02:45:34 am] [SYSTEM] [system] SOL wallet mornitoring...
[10/11/2025, 02:45:34 am] [SYSTEM] [system] TRX wallet mornitoring...
[10/11/2025, 02:45:34 am] [SYSTEM] [system] Running Discord Bot
[10/11/2025, 02:45:34 am] [SYSTEM] [system] Multi-chain Wallet Tracker server started on port 5000 | Data: {"port":"5000"}
[10/11/2025, 02:45:34 am] [SYSTEM] [system] ==================================================
[10/11/2025, 02:45:34 am] [SYSTEM] [system] 🚀 MULTI-CHAIN WALLET TRACKER STARTED
[10/11/2025, 02:45:34 am] [SYSTEM] [system] ==================================================
[10/11/2025, 02:46:05 am] [SYSTEM] [system] Initializing WebSocket server
[10/11/2025, 02:46:05 am] [SYSTEM] [system] Starting all blockchain watchers
[10/11/2025, 02:46:05 am] [SYSTEM] [system] ETH wallet mornitoring...
[10/11/2025, 02:46:05 am] [SYSTEM] [system] BSC wallet mornitoring...
[10/11/2025, 02:46:05 am] [SYSTEM] [system] SOL wallet mornitoring...
[10/11/2025, 02:46:05 am] [SYSTEM] [system] TRX wallet mornitoring...
[10/11/2025, 02:46:05 am] [SYSTEM] [system] Running Discord Bot
[10/11/2025, 02:46:05 am] [SYSTEM] [system] Multi-chain Wallet Tracker server started on port 5000 | Data: {"port":"5000"}
[10/11/2025, 02:46:05 am] [SYSTEM] [system] ==================================================
[10/11/2025, 02:46:05 am] [SYSTEM] [system] 🚀 MULTI-CHAIN WALLET TRACKER STARTED
[10/11/2025, 02:46:05 am] [SYSTEM] [system] ==================================================
[10/11/2025, 02:46:22 am] [SYSTEM] [system] Initializing WebSocket server
[10/11/2025, 02:46:22 am] [SYSTEM] [system] Starting all blockchain watchers
[10/11/2025, 02:46:22 am] [SYSTEM] [system] ETH wallet mornitoring...
[10/11/2025, 02:46:22 am] [SYSTEM] [system] BSC wallet mornitoring...
[10/11/2025, 02:46:22 am] [SYSTEM] [system] SOL wallet mornitoring...
[10/11/2025, 02:46:22 am] [SYSTEM] [system] TRX wallet mornitoring...
[10/11/2025, 02:46:22 am] [SYSTEM] [system] Running Discord Bot
[10/11/2025, 02:46:22 am] [SYSTEM] [system] Multi-chain Wallet Tracker server started on port 5000 | Data: {"port":"5000"}
[10/11/2025, 02:46:22 am] [SYSTEM] [system] ==================================================
[10/11/2025, 02:46:22 am] [SYSTEM] [system] 🚀 MULTI-CHAIN WALLET TRACKER STARTED
[10/11/2025, 02:46:22 am] [SYSTEM] [system] ==================================================
[10/11/2025, 02:49:39 am] [SYSTEM] [system] Received SIGINT, shutting down gracefully
