[08/11/2025, 07:43:59 am] [SYSTEM] [system] Initializing WebSocket server
[08/11/2025, 07:43:59 am] [SYSTEM] [system] Starting all blockchain watchers
[08/11/2025, 07:43:59 am] [SYSTEM] [system] ETH wallet mornitoring...
[08/11/2025, 07:43:59 am] [SYSTEM] [system] BSC wallet mornitoring...
[08/11/2025, 07:43:59 am] [SYSTEM] [system] SOL wallet mornitoring...
[08/11/2025, 07:43:59 am] [SYSTEM] [system] TRX wallet mornitoring...
[08/11/2025, 07:43:59 am] [SYSTEM] [system] Running Discord Bot
[08/11/2025, 07:43:59 am] [SYSTEM] [system] Multi-chain Wallet Tracker server started on port 5000 | Data: {"port":"5000"}
[08/11/2025, 07:43:59 am] [SYSTEM] [system] ==================================================
[08/11/2025, 07:43:59 am] [SYSTEM] [system] 🚀 MULTI-CHAIN WALLET TRACKER STARTED
[08/11/2025, 07:43:59 am] [SYSTEM] [system] ==================================================
[08/11/2025, 07:44:09 am] [SYSTEM] [system] Received SIGINT, shutting down gracefully
[08/11/2025, 07:45:07 am] [SYSTEM] [system] Initializing WebSocket server
[08/11/2025, 07:45:07 am] [SYSTEM] [system] Starting all blockchain watchers
[08/11/2025, 07:45:07 am] [SYSTEM] [system] ETH wallet mornitoring...
[08/11/2025, 07:45:07 am] [SYSTEM] [system] BSC wallet mornitoring...
[08/11/2025, 07:45:07 am] [SYSTEM] [system] SOL wallet mornitoring...
[08/11/2025, 07:45:07 am] [SYSTEM] [system] TRX wallet mornitoring...
[08/11/2025, 07:45:07 am] [SYSTEM] [system] Running Discord Bot
[08/11/2025, 07:45:07 am] [SYSTEM] [system] Multi-chain Wallet Tracker server started on port 5000 | Data: {"port":"5000"}
[08/11/2025, 07:45:07 am] [SYSTEM] [system] ==================================================
[08/11/2025, 07:45:07 am] [SYSTEM] [system] 🚀 MULTI-CHAIN WALLET TRACKER STARTED
[08/11/2025, 07:45:07 am] [SYSTEM] [system] ==================================================
[08/11/2025, 07:45:45 am] [SYSTEM] [system] Received SIGINT, shutting down gracefully
[08/11/2025, 07:46:12 am] [SYSTEM] [system] Initializing WebSocket server
[08/11/2025, 07:46:12 am] [SYSTEM] [system] Starting all blockchain watchers
[08/11/2025, 07:46:12 am] [SYSTEM] [system] ETH wallet mornitoring...
[08/11/2025, 07:46:12 am] [SYSTEM] [system] BSC wallet mornitoring...
[08/11/2025, 07:46:12 am] [SYSTEM] [system] SOL wallet mornitoring...
[08/11/2025, 07:46:12 am] [SYSTEM] [system] TRX wallet mornitoring...
[08/11/2025, 07:46:12 am] [SYSTEM] [system] Running Discord Bot
[08/11/2025, 07:46:13 am] [SYSTEM] [system] Multi-chain Wallet Tracker server started on port 5000 | Data: {"port":"5000"}
[08/11/2025, 07:46:13 am] [SYSTEM] [system] ==================================================
[08/11/2025, 07:46:13 am] [SYSTEM] [system] 🚀 MULTI-CHAIN WALLET TRACKER STARTED
[08/11/2025, 07:46:13 am] [SYSTEM] [system] ==================================================
[08/11/2025, 07:46:21 am] [SYSTEM] [system] Received SIGINT, shutting down gracefully
[08/11/2025, 07:47:02 am] [SYSTEM] [system] Initializing WebSocket server
[08/11/2025, 07:47:02 am] [SYSTEM] [system] Starting all blockchain watchers
[08/11/2025, 07:47:02 am] [SYSTEM] [system] ETH wallet mornitoring...
[08/11/2025, 07:47:02 am] [SYSTEM] [system] BSC wallet mornitoring...
[08/11/2025, 07:47:02 am] [SYSTEM] [system] SOL wallet mornitoring...
[08/11/2025, 07:47:02 am] [SYSTEM] [system] TRX wallet mornitoring...
[08/11/2025, 07:47:02 am] [SYSTEM] [system] Running Discord Bot
[08/11/2025, 07:47:03 am] [SYSTEM] [system] Multi-chain Wallet Tracker server started on port 5000 | Data: {"port":"5000"}
[08/11/2025, 07:47:03 am] [SYSTEM] [system] ==================================================
[08/11/2025, 07:47:03 am] [SYSTEM] [system] 🚀 MULTI-CHAIN WALLET TRACKER STARTED
[08/11/2025, 07:47:03 am] [SYSTEM] [system] ==================================================
[08/11/2025, 07:48:47 am] [SYSTEM] [system] Received SIGINT, shutting down gracefully
