[07/11/2025, 07:05:22 pm] [INFO] [websocket] New client connected: ifYQxKzDCxY8GH56AAAB
[07/11/2025, 07:07:07 pm] [INFO] [websocket] New client connected: zHZ9TIgg9nJ1ZsEuAAAB
[07/11/2025, 07:25:21 pm] [INFO] [websocket] New client connected: hd0tRtSv8mH1PJFCAAAB
[07/11/2025, 07:26:34 pm] [INFO] [websocket] New client connected: VH0_LiskgNrSeYniAAAB
[07/11/2025, 07:26:39 pm] [INFO] [websocket] Transaction broadcasted to WebSocket clients | Data: {"chain":"solana","hash":"iAKN9TwjcjBAbosMmX8Cpd8LVDuicUP4rrPd6mn43und5swKyPaHYF2SmoGqfWEBxKj1SLu8XjzByRski4bKf1T","status":"confirmed"}
[07/11/2025, 07:35:03 pm] [INFO] [websocket] New client connected: Y4wm9lCTHT4NBoyBAAAB
[07/11/2025, 07:35:09 pm] [INFO] [websocket] Transaction broadcasted to WebSocket clients | Data: {"chain":"solana","hash":"iAKN9TwjcjBAbosMmX8Cpd8LVDuicUP4rrPd6mn43und5swKyPaHYF2SmoGqfWEBxKj1SLu8XjzByRski4bKf1T","status":"confirmed"}
[07/11/2025, 07:35:36 pm] [INFO] [websocket] New client connected: w7LKgHXJ9QmEOt0wAAAB
[07/11/2025, 07:35:44 pm] [INFO] [websocket] Transaction broadcasted to WebSocket clients | Data: {"chain":"solana","hash":"iAKN9TwjcjBAbosMmX8Cpd8LVDuicUP4rrPd6mn43und5swKyPaHYF2SmoGqfWEBxKj1SLu8XjzByRski4bKf1T","status":"confirmed"}
[07/11/2025, 07:38:05 pm] [INFO] [websocket] New client connected: IkcJ-HEk1zwcJoF0AAAB
[07/11/2025, 07:38:07 pm] [INFO] [websocket] Transaction broadcasted to WebSocket clients | Data: {"chain":"solana","hash":"iAKN9TwjcjBAbosMmX8Cpd8LVDuicUP4rrPd6mn43und5swKyPaHYF2SmoGqfWEBxKj1SLu8XjzByRski4bKf1T","status":"confirmed"}
[07/11/2025, 08:44:38 pm] [INFO] [websocket] New client connected: Op1BO13QBP3Sz7htAAAB
[07/11/2025, 08:44:43 pm] [INFO] [websocket] Transaction broadcasted to WebSocket clients | Data: {"chain":"solana","hash":"iAKN9TwjcjBAbosMmX8Cpd8LVDuicUP4rrPd6mn43und5swKyPaHYF2SmoGqfWEBxKj1SLu8XjzByRski4bKf1T","status":"confirmed"}
[07/11/2025, 09:30:43 pm] [INFO] [websocket] Transaction broadcasted to WebSocket clients | Data: {"chain":"ethereum","hash":"0xf450bb3c034eab53c1c5d41e8973900c97ec916ded28e43e56373cc9518ec769","status":"confirmed"}
[07/11/2025, 09:31:32 pm] [INFO] [websocket] New client connected: Isti6O9os2Y8UMH9AAAB
[07/11/2025, 09:31:38 pm] [INFO] [websocket] Transaction broadcasted to WebSocket clients | Data: {"chain":"solana","hash":"iAKN9TwjcjBAbosMmX8Cpd8LVDuicUP4rrPd6mn43und5swKyPaHYF2SmoGqfWEBxKj1SLu8XjzByRski4bKf1T","status":"confirmed"}
[07/11/2025, 09:32:20 pm] [INFO] [websocket] Transaction broadcasted to WebSocket clients | Data: {"chain":"ethereum","hash":"0x857a0b7b704d75db9f41b3386a61400baf3ef6675106326a4832b5cb61bd9a91","status":"pending"}
[07/11/2025, 09:32:20 pm] [INFO] [websocket] Transaction broadcasted to WebSocket clients | Data: {"chain":"ethereum","hash":"0x857a0b7b704d75db9f41b3386a61400baf3ef6675106326a4832b5cb61bd9a91","status":"confirmed"}
[07/11/2025, 09:32:32 pm] [INFO] [websocket] Transaction broadcasted to WebSocket clients | Data: {"chain":"ethereum","hash":"0x857a0b7b704d75db9f41b3386a61400baf3ef6675106326a4832b5cb61bd9a91","status":"confirmed"}
[07/11/2025, 09:36:37 pm] [INFO] [websocket] New client connected: JEKZtwl0qFGQU9p9AAAB
[07/11/2025, 09:36:42 pm] [INFO] [websocket] Transaction broadcasted to WebSocket clients | Data: {"chain":"solana","hash":"iAKN9TwjcjBAbosMmX8Cpd8LVDuicUP4rrPd6mn43und5swKyPaHYF2SmoGqfWEBxKj1SLu8XjzByRski4bKf1T","status":"confirmed"}
[07/11/2025, 09:38:50 pm] [INFO] [websocket] New client connected: eu2zyunriH12lt4DAAAB
[07/11/2025, 09:38:54 pm] [INFO] [websocket] Transaction broadcasted to WebSocket clients | Data: {"chain":"solana","hash":"iAKN9TwjcjBAbosMmX8Cpd8LVDuicUP4rrPd6mn43und5swKyPaHYF2SmoGqfWEBxKj1SLu8XjzByRski4bKf1T","status":"confirmed"}
[07/11/2025, 09:40:37 pm] [INFO] [websocket] New client connected: XwL2DHu20aeDsnKPAAAB
[07/11/2025, 09:40:46 pm] [INFO] [websocket] New client connected: xzAd1A6Dapd-fxoEAAAB
[07/11/2025, 09:40:51 pm] [INFO] [websocket] Transaction broadcasted to WebSocket clients | Data: {"chain":"solana","hash":"iAKN9TwjcjBAbosMmX8Cpd8LVDuicUP4rrPd6mn43und5swKyPaHYF2SmoGqfWEBxKj1SLu8XjzByRski4bKf1T","status":"confirmed"}
[07/11/2025, 09:45:19 pm] [INFO] [websocket] New client connected: qeiRvA2r4BAOeBMKAAAB
[07/11/2025, 09:45:22 pm] [INFO] [websocket] Transaction broadcasted to WebSocket clients | Data: {"chain":"solana","hash":"yDV6ccxUoxcAQ2MkXgyQcnpfYfbxjbK7iTXLCXGxD8wV2kKrB5vgJcPMb8FxwmPZAVEzgEFtuk4rLkT9dihCUVJ","status":"confirmed"}
[07/11/2025, 09:47:42 pm] [INFO] [websocket] Transaction broadcasted to WebSocket clients | Data: {"chain":"ethereum","hash":"0x196772e74e539e924ca6b66439a920c14b12857c47d3e77441ab91742b0f62c3","status":"pending"}
[07/11/2025, 09:47:42 pm] [INFO] [websocket] Transaction broadcasted to WebSocket clients | Data: {"chain":"ethereum","hash":"0x196772e74e539e924ca6b66439a920c14b12857c47d3e77441ab91742b0f62c3","status":"confirmed"}
[07/11/2025, 09:48:14 pm] [INFO] [websocket] Transaction broadcasted to WebSocket clients | Data: {"chain":"solana","hash":"4MoBkC7bRz3Eh5NjXEPPuiJG2b8ePuh3yrYGfD1uHpWH5Zt9dYysAD7oMM2kHannQu6B2HundMKgiptQwgAqRmjn","status":"confirmed"}
[07/11/2025, 09:59:55 pm] [INFO] [websocket] New client connected: IGPxVOC3iL4f6_6tAAAB
[07/11/2025, 10:00:00 pm] [INFO] [websocket] Transaction broadcasted to WebSocket clients | Data: {"chain":"solana","hash":"yDV6ccxUoxcAQ2MkXgyQcnpfYfbxjbK7iTXLCXGxD8wV2kKrB5vgJcPMb8FxwmPZAVEzgEFtuk4rLkT9dihCUVJ","status":"confirmed"}
[08/11/2025, 04:14:02 am] [INFO] [websocket] New client connected: 1_5Kg6NCv1K8z0C1AAAB
[08/11/2025, 04:15:40 am] [INFO] [websocket] Transaction broadcasted to WebSocket clients | Data: {"chain":"ethereum","hash":"0x13d9504440794ef9573fa3a02f22a58d43320041b71299fb4e096905b9a9e64d","status":"confirmed"}
[08/11/2025, 04:17:41 am] [INFO] [websocket] Transaction broadcasted to WebSocket clients | Data: {"chain":"solana","hash":"2dCsox6tFqy7zNZ4SVkivNQkZTm22C1GExXdVKqHP3sxRqGMkYc8F1LWfRwGvpG8Doev4tH4jyKVxnHdsq8HfvFW","status":"confirmed"}
[08/11/2025, 04:20:12 am] [INFO] [websocket] Transaction broadcasted to WebSocket clients | Data: {"chain":"binance","hash":"0x95c0fb3209c2d9e94af29f2aa34a918543c5d7c13b3d452ab976294281cd17b1","status":"confirmed"}
[08/11/2025, 04:20:53 am] [INFO] [websocket] Transaction broadcasted to WebSocket clients | Data: {"chain":"tron","hash":"e3f590af3a0336863e0b20219243ae92d16c25f852c17f5baa864ef68e1a08c317fb91a8b668ed3d78d8aebd760d06c1b8fc84f1681d0cd1d900ea557fea227e1c","status":"confirmed"}
