[10/11/2025, 02:13:30 am] [INFO] [websocket] New client connected: EEi6a8huX9aQhQFJAAAB
[10/11/2025, 02:14:37 am] [INFO] [websocket] New client connected: SXKGFuh64DHCPslfAAAB
[10/11/2025, 02:15:42 am] [INFO] [websocket] New client connected: QVGtsyKwD1bn8sHMAAAB
[10/11/2025, 02:16:20 am] [INFO] [websocket] New client connected: uywMSCb3R6697lNQAAAB
[10/11/2025, 02:16:23 am] [INFO] [websocket] Transaction broadcasted to WebSocket clients | Data: {"chain":"solana","hash":"2wpBGUJq5Q9yRxPsxSAi56w3kPnUwmZMja5Es5yCHu26ounEhZ5Xa8MJfiDKsXnq1RLiCXwhJcaE1M7bnNeR1hmQ","status":"confirmed"}
[10/11/2025, 02:22:05 am] [INFO] [websocket] New client connected: 8bDKcFoVbKOPuzA6AAAB
[10/11/2025, 02:22:09 am] [INFO] [websocket] Transaction broadcasted to WebSocket clients | Data: {"chain":"solana","hash":"2wpBGUJq5Q9yRxPsxSAi56w3kPnUwmZMja5Es5yCHu26ounEhZ5Xa8MJfiDKsXnq1RLiCXwhJcaE1M7bnNeR1hmQ","status":"confirmed"}
[10/11/2025, 02:22:46 am] [INFO] [websocket] New client connected: vkHOgmVyvvo7cKSSAAAB
[10/11/2025, 02:22:50 am] [INFO] [websocket] Transaction broadcasted to WebSocket clients | Data: {"chain":"solana","hash":"2wpBGUJq5Q9yRxPsxSAi56w3kPnUwmZMja5Es5yCHu26ounEhZ5Xa8MJfiDKsXnq1RLiCXwhJcaE1M7bnNeR1hmQ","status":"confirmed"}
[10/11/2025, 02:22:50 am] [INFO] [websocket] Transaction broadcasted to WebSocket clients | Data: {"chain":"solana","hash":"3kVGZgsXxBTNd1oqRysvq4Wxrh6161SzM3cf1oWyFqM7C3FuShqodjF6dAd9CS9Lru28vyZCNZCYSVHVRT8YUP9P","status":"confirmed"}
[10/11/2025, 02:24:04 am] [INFO] [websocket] New client connected: wF08aaMA8zL48UfZAAAB
[10/11/2025, 02:24:07 am] [INFO] [websocket] Transaction broadcasted to WebSocket clients | Data: {"chain":"solana","hash":"2dCsox6tFqy7zNZ4SVkivNQkZTm22C1GExXdVKqHP3sxRqGMkYc8F1LWfRwGvpG8Doev4tH4jyKVxnHdsq8HfvFW","status":"confirmed"}
[10/11/2025, 02:24:07 am] [INFO] [websocket] Transaction broadcasted to WebSocket clients | Data: {"chain":"solana","hash":"2LWmq7XAQiB9Hz6h5sEByo1NG5h7ijMtDSxbxKCNfKEZXpdevCNxd1wLR3fQQgQ5tXYGdPnW5MpGF96UsbeWhVVH","status":"confirmed"}
[10/11/2025, 02:24:08 am] [INFO] [websocket] Transaction broadcasted to WebSocket clients | Data: {"chain":"solana","hash":"2pnSbmTXbWhT9hS3PRWvB7Ck6T2a72saC4ES8Vzfo9zYaSVBgDKXFsxqfvk1wArdR1ibYoBVgd5SY3rbh1w8x8B4","status":"confirmed"}
[10/11/2025, 02:24:09 am] [INFO] [websocket] Transaction broadcasted to WebSocket clients | Data: {"chain":"solana","hash":"4B341PwGACrznXejKuF9s6fXSqmyPKiSmrCiRbwW3XRjzT1pjSqrVSofciGEUVjo8CMG852U9F1fZnsKEq2fpiVS","status":"confirmed"}
[10/11/2025, 02:24:10 am] [INFO] [websocket] Transaction broadcasted to WebSocket clients | Data: {"chain":"solana","hash":"RR7fe7nGEDbLTK9zKjAMgMpbe8NmYyRe7hrx3pvGEwZqcpAt56MLGxDn8yeggPuqY4GfS1GrArUKdPViN7zCnuY","status":"confirmed"}
[10/11/2025, 02:24:10 am] [INFO] [websocket] Transaction broadcasted to WebSocket clients | Data: {"chain":"solana","hash":"KRqJncPDJu3kjuWPBD4ZF333MWcRP8DvTAunvSt7HD1w9Ljf34S6nPJqLuNwcZa9fCNHdCv6iY71omJ6CwoDH17","status":"confirmed"}
[10/11/2025, 02:30:41 am] [INFO] [websocket] New client connected: SiL2jC-l7JB3jXisAAAB
[10/11/2025, 02:30:44 am] [INFO] [websocket] Transaction broadcasted to WebSocket clients | Data: {"chain":"solana","hash":"2wpBGUJq5Q9yRxPsxSAi56w3kPnUwmZMja5Es5yCHu26ounEhZ5Xa8MJfiDKsXnq1RLiCXwhJcaE1M7bnNeR1hmQ","status":"confirmed"}
[10/11/2025, 02:31:19 am] [INFO] [websocket] New client connected: wlAE4lOPB2KMNEI6AAAB
[10/11/2025, 02:31:23 am] [INFO] [websocket] New client connected: zumePAtp8z6hPPQEAAAB
[10/11/2025, 02:31:28 am] [INFO] [websocket] Transaction broadcasted to WebSocket clients | Data: {"chain":"solana","hash":"2wpBGUJq5Q9yRxPsxSAi56w3kPnUwmZMja5Es5yCHu26ounEhZ5Xa8MJfiDKsXnq1RLiCXwhJcaE1M7bnNeR1hmQ","status":"confirmed"}
[10/11/2025, 02:31:43 am] [INFO] [websocket] Transaction broadcasted to WebSocket clients | Data: {"chain":"solana","hash":"66svCfSyFz5or1Ge16T33bkjEjj39BPomDHYg7BEoHsYJXWz838vid5RTMKWdXs8fEjukPco9EB2sU7RWMtGrgt8","status":"confirmed"}
[10/11/2025, 02:40:37 am] [INFO] [websocket] New client connected: qYImR-BkfeF3di5WAAAB
[10/11/2025, 02:40:42 am] [INFO] [websocket] Transaction broadcasted to WebSocket clients | Data: {"chain":"solana","hash":"2wpBGUJq5Q9yRxPsxSAi56w3kPnUwmZMja5Es5yCHu26ounEhZ5Xa8MJfiDKsXnq1RLiCXwhJcaE1M7bnNeR1hmQ","status":"confirmed"}
[10/11/2025, 02:40:58 am] [INFO] [websocket] Transaction broadcasted to WebSocket clients | Data: {"chain":"solana","hash":"66svCfSyFz5or1Ge16T33bkjEjj39BPomDHYg7BEoHsYJXWz838vid5RTMKWdXs8fEjukPco9EB2sU7RWMtGrgt8","status":"confirmed"}
[10/11/2025, 02:42:00 am] [INFO] [websocket] New client connected: dk7hb8NRZMGafiWVAAAB
[10/11/2025, 02:42:20 am] [INFO] [websocket] Transaction broadcasted to WebSocket clients | Data: {"chain":"solana","hash":"2wpBGUJq5Q9yRxPsxSAi56w3kPnUwmZMja5Es5yCHu26ounEhZ5Xa8MJfiDKsXnq1RLiCXwhJcaE1M7bnNeR1hmQ","status":"confirmed"}
[10/11/2025, 02:42:39 am] [INFO] [websocket] New client connected: -q3EdXgzTUyLIxwZAAAB
[10/11/2025, 02:43:42 am] [INFO] [websocket] New client connected: blEmDLMh5GknDzPqAAAB
[10/11/2025, 02:43:46 am] [INFO] [websocket] Transaction broadcasted to WebSocket clients | Data: {"chain":"solana","hash":"2wpBGUJq5Q9yRxPsxSAi56w3kPnUwmZMja5Es5yCHu26ounEhZ5Xa8MJfiDKsXnq1RLiCXwhJcaE1M7bnNeR1hmQ","status":"confirmed"}
[10/11/2025, 02:43:53 am] [INFO] [websocket] Transaction broadcasted to WebSocket clients | Data: {"chain":"solana","hash":"66svCfSyFz5or1Ge16T33bkjEjj39BPomDHYg7BEoHsYJXWz838vid5RTMKWdXs8fEjukPco9EB2sU7RWMtGrgt8","status":"confirmed"}
[10/11/2025, 02:45:36 am] [INFO] [websocket] New client connected: YhWNn7dZGGLMTey3AAAB
[10/11/2025, 02:45:40 am] [INFO] [websocket] Transaction broadcasted to WebSocket clients | Data: {"chain":"solana","hash":"2wpBGUJq5Q9yRxPsxSAi56w3kPnUwmZMja5Es5yCHu26ounEhZ5Xa8MJfiDKsXnq1RLiCXwhJcaE1M7bnNeR1hmQ","status":"confirmed"}
[10/11/2025, 02:46:07 am] [INFO] [websocket] New client connected: tKuC19Pjm1PpRL4UAAAB
[10/11/2025, 02:46:24 am] [INFO] [websocket] New client connected: BaWwq73V_0f8JN0UAAAB
[10/11/2025, 02:46:29 am] [INFO] [websocket] Transaction broadcasted to WebSocket clients | Data: {"chain":"solana","hash":"2wpBGUJq5Q9yRxPsxSAi56w3kPnUwmZMja5Es5yCHu26ounEhZ5Xa8MJfiDKsXnq1RLiCXwhJcaE1M7bnNeR1hmQ","status":"confirmed"}
